<?xml version="1.0" encoding="UTF-8"?>
<!-- Generated by org.testng.reporters.JUnitReportReporter -->
<testsuite hostname="DESKTOP-VGCFTBT" failures="0" tests="1" name="webtables.Webtable" time="15.659" errors="0" timestamp="2023-08-16T16:06:17 IST" skipped="0">
  <testcase classname="webtables.Webtable" name="webtable1" time="15.659"/>
</testsuite> <!-- webtables.Webtable -->
